This is pdfTeX, Version 3.141592653-2.6-1.40.22 (TeX Live 2021) (preloaded format=pdflatex 2023.4.1)  26 JUN 2023 16:56
entering extended mode
 restricted \write18 enabled.
 %&-line parsing enabled.
**pl-description.tex
(./pl-description.tex
LaTeX2e <2020-10-01> patch level 4
L3 programming layer <2021-05-07>
(/usr/share/texlive/texmf-dist/tex/latex/base/article.cls
Document Class: article 2020/04/10 v1.4m Standard LaTeX document class
(/usr/share/texlive/texmf-dist/tex/latex/base/size11.clo
File: size11.clo 2020/04/10 v1.4m Standard LaTeX file (size option)
)
\c@part=\count179
\c@section=\count180
\c@subsection=\count181
\c@subsubsection=\count182
\c@paragraph=\count183
\c@subparagraph=\count184
\c@figure=\count185
\c@table=\count186
\abovecaptionskip=\skip47
\belowcaptionskip=\skip48
\bibindent=\dimen138
)
(/usr/share/texlive/texmf-dist/tex/latex/graphics/graphicx.sty
Package: graphicx 2020/09/09 v1.2b Enhanced LaTeX Graphics (DPC,SPQR)

(/usr/share/texlive/texmf-dist/tex/latex/graphics/keyval.sty
Package: keyval 2014/10/28 v1.15 key=value parser (DPC)
\KV@toks@=\toks15
)
(/usr/share/texlive/texmf-dist/tex/latex/graphics/graphics.sty
Package: graphics 2020/08/30 v1.4c Standard LaTeX Graphics (DPC,SPQR)

(/usr/share/texlive/texmf-dist/tex/latex/graphics/trig.sty
Package: trig 2016/01/03 v1.10 sin cos tan (DPC)
)
(/usr/share/texlive/texmf-dist/tex/latex/graphics-cfg/graphics.cfg
File: graphics.cfg 2016/06/04 v1.11 sample graphics configuration
)
Package graphics Info: Driver file: pdftex.def on input line 105.

(/usr/share/texlive/texmf-dist/tex/latex/graphics-def/pdftex.def
File: pdftex.def 2020/10/05 v1.2a Graphics/color driver for pdftex
))
\Gin@req@height=\dimen139
\Gin@req@width=\dimen140
)
(/usr/share/texlive/texmf-dist/tex/latex/graphics/color.sty
Package: color 2020/02/24 v1.2b Standard LaTeX Color (DPC)

(/usr/share/texlive/texmf-dist/tex/latex/graphics-cfg/color.cfg
File: color.cfg 2016/01/02 v1.6 sample color configuration
)
Package color Info: Driver file: pdftex.def on input line 147.
)
(/usr/share/texlive/texmf-dist/tex/latex/framed/framed.sty
Package: framed 2011/10/22 v 0.96: framed or shaded text with page breaks
\OuterFrameSep=\skip49
\fb@frw=\dimen141
\fb@frh=\dimen142
\FrameRule=\dimen143
\FrameSep=\dimen144
)
(/usr/share/texlive/texmf-dist/tex/latex/base/alltt.sty
Package: alltt 1997/06/16 v2.0g defines alltt environment
)
(/usr/share/texlive/texmf-dist/tex/latex/base/inputenc.sty
Package: inputenc 2020/08/01 v1.3d Input encoding file
\inpenc@prehook=\toks16
\inpenc@posthook=\toks17
)
(/usr/share/texlive/texmf-dist/tex/latex/geometry/geometry.sty
Package: geometry 2020/01/02 v5.9 Page Geometry

(/usr/share/texlive/texmf-dist/tex/generic/iftex/ifvtex.sty
Package: ifvtex 2019/10/25 v1.7 ifvtex legacy package. Use iftex instead.

(/usr/share/texlive/texmf-dist/tex/generic/iftex/iftex.sty
Package: iftex 2020/03/06 v1.0d TeX engine tests
))
\Gm@cnth=\count187
\Gm@cntv=\count188
\c@Gm@tempcnt=\count189
\Gm@bindingoffset=\dimen145
\Gm@wd@mp=\dimen146
\Gm@odd@mp=\dimen147
\Gm@even@mp=\dimen148
\Gm@layoutwidth=\dimen149
\Gm@layoutheight=\dimen150
\Gm@layouthoffset=\dimen151
\Gm@layoutvoffset=\dimen152
\Gm@dimlist=\toks18
)
(/usr/share/texlive/texmf-dist/tex/latex/booktabs/booktabs.sty
Package: booktabs 2020/01/12 v1.61803398 Publication quality tables
\heavyrulewidth=\dimen153
\lightrulewidth=\dimen154
\cmidrulewidth=\dimen155
\belowrulesep=\dimen156
\belowbottomsep=\dimen157
\aboverulesep=\dimen158
\abovetopsep=\dimen159
\cmidrulesep=\dimen160
\cmidrulekern=\dimen161
\defaultaddspace=\dimen162
\@cmidla=\count190
\@cmidlb=\count191
\@aboverulesep=\dimen163
\@belowrulesep=\dimen164
\@thisruleclass=\count192
\@lastruleclass=\count193
\@thisrulewidth=\dimen165
)
(/usr/share/texlive/texmf-dist/tex/latex/amsmath/amsmath.sty
Package: amsmath 2020/09/23 v2.17i AMS math features
\@mathmargin=\skip50

For additional information on amsmath, use the `?' option.
(/usr/share/texlive/texmf-dist/tex/latex/amsmath/amstext.sty
Package: amstext 2000/06/29 v2.01 AMS text

(/usr/share/texlive/texmf-dist/tex/latex/amsmath/amsgen.sty
File: amsgen.sty 1999/11/30 v2.0 generic functions
\@emptytoks=\toks19
\ex@=\dimen166
))
(/usr/share/texlive/texmf-dist/tex/latex/amsmath/amsbsy.sty
Package: amsbsy 1999/11/29 v1.2d Bold Symbols
\pmbraise@=\dimen167
)
(/usr/share/texlive/texmf-dist/tex/latex/amsmath/amsopn.sty
Package: amsopn 2016/03/08 v2.02 operator names
)
\inf@bad=\count194
LaTeX Info: Redefining \frac on input line 234.
\uproot@=\count195
\leftroot@=\count196
LaTeX Info: Redefining \overline on input line 399.
\classnum@=\count197
\DOTSCASE@=\count198
LaTeX Info: Redefining \ldots on input line 496.
LaTeX Info: Redefining \dots on input line 499.
LaTeX Info: Redefining \cdots on input line 620.
\Mathstrutbox@=\box47
\strutbox@=\box48
\big@size=\dimen168
LaTeX Font Info:    Redeclaring font encoding OML on input line 743.
LaTeX Font Info:    Redeclaring font encoding OMS on input line 744.
\macc@depth=\count199
\c@MaxMatrixCols=\count266
\dotsspace@=\muskip16
\c@parentequation=\count267
\dspbrk@lvl=\count268
\tag@help=\toks20
\row@=\count269
\column@=\count270
\maxfields@=\count271
\andhelp@=\toks21
\eqnshift@=\dimen169
\alignsep@=\dimen170
\tagshift@=\dimen171
\tagwidth@=\dimen172
\totwidth@=\dimen173
\lineht@=\dimen174
\@envbody=\toks22
\multlinegap=\skip51
\multlinetaggap=\skip52
\mathdisplay@stack=\toks23
LaTeX Info: Redefining \[ on input line 2923.
LaTeX Info: Redefining \] on input line 2924.
) (./pldescr.sty
\Litemskip=\skip53
\Litemwidth=\skip54
\Lparskip=\skip55
)
(/usr/share/texlive/texmf-dist/tex/latex/upquote/upquote.sty
Package: upquote 2012/04/19 v1.3 upright-quote and grave-accent glyphs in verba
tim
)
(/usr/share/texlive/texmf-dist/tex/latex/l3backend/l3backend-pdftex.def
File: l3backend-pdftex.def 2021-05-07 L3 backend support: PDF output (pdfTeX)
\l__color_backend_stack_int=\count272
\l__pdf_internal_box=\box49
)
(./pl-description.aux)
\openout1 = `pl-description.aux'.

LaTeX Font Info:    Checking defaults for OML/cmm/m/it on input line 76.
LaTeX Font Info:    ... okay on input line 76.
LaTeX Font Info:    Checking defaults for OMS/cmsy/m/n on input line 76.
LaTeX Font Info:    ... okay on input line 76.
LaTeX Font Info:    Checking defaults for OT1/cmr/m/n on input line 76.
LaTeX Font Info:    ... okay on input line 76.
LaTeX Font Info:    Checking defaults for T1/cmr/m/n on input line 76.
LaTeX Font Info:    ... okay on input line 76.
LaTeX Font Info:    Checking defaults for TS1/cmr/m/n on input line 76.
LaTeX Font Info:    ... okay on input line 76.
LaTeX Font Info:    Checking defaults for OMX/cmex/m/n on input line 76.
LaTeX Font Info:    ... okay on input line 76.
LaTeX Font Info:    Checking defaults for U/cmr/m/n on input line 76.
LaTeX Font Info:    ... okay on input line 76.

(/usr/share/texlive/texmf-dist/tex/context/base/mkii/supp-pdf.mkii
[Loading MPS to PDF converter (version 2006.09.02).]
\scratchcounter=\count273
\scratchdimen=\dimen175
\scratchbox=\box50
\nofMPsegments=\count274
\nofMParguments=\count275
\everyMPshowfont=\toks24
\MPscratchCnt=\count276
\MPscratchDim=\dimen176
\MPnumerator=\count277
\makeMPintoPDFobject=\count278
\everyMPtoPDFconversion=\toks25
) (/usr/share/texlive/texmf-dist/tex/latex/epstopdf-pkg/epstopdf-base.sty
Package: epstopdf-base 2020-01-24 v2.11 Base part for package epstopdf
Package epstopdf-base Info: Redefining graphics rule for `.eps' on input line 4
85.

(/usr/share/texlive/texmf-dist/tex/latex/latexconfig/epstopdf-sys.cfg
File: epstopdf-sys.cfg 2010/07/13 v1.3 Configuration of (r)epstopdf for TeX Liv
e
))
*geometry* driver: auto-detecting
*geometry* detected driver: pdftex
*geometry* verbose mode - [ preamble ] result:
* driver: pdftex
* paper: a4paper
* layout: <same size as paper>
* layoutoffset:(h,v)=(0.0pt,0.0pt)
* modes: 
* h-part:(L,W,R)=(92.47145pt, 412.56496pt, 92.47147pt)
* v-part:(T,H,B)=(87.63449pt, 625.96062pt, 131.45174pt)
* \paperwidth=597.50787pt
* \paperheight=845.04684pt
* \textwidth=483.69684pt
* \textheight=625.96062pt
* \oddsidemargin=-9.3892pt
* \evensidemargin=20.20146pt
* \topmargin=-21.6355pt
* \headheight=12.0pt
* \headsep=25.0pt
* \topskip=11.0pt
* \footskip=30.0pt
* \marginparwidth=59.0pt
* \marginparsep=10.0pt
* \columnsep=10.0pt
* \skip\footins=10.0pt plus 4.0pt minus 2.0pt
* \hoffset=0.0pt
* \voffset=0.0pt
* \mag=1000
* \@twocolumnfalse
* \@twosidefalse
* \@mparswitchfalse
* \@reversemarginfalse
* (1in=72.27pt=25.4mm, 1cm=28.453pt)

(./pl-description.toc [1

{/usr/share/texlive/texmf-var/fonts/map/pdftex/updmap/pdftex.map}])
\tf@toc=\write3
\openout3 = `pl-description.toc'.

 [2] [3]
Underfull \hbox (badness 10000) in paragraph at lines 168--170

 []

Package color Info: Redefining color shadecolor on input line 177.
LaTeX Font Info:    Font shape `OT1/cmtt/bx/n' in size <10.95> not available
(Font)              Font shape `OT1/cmtt/m/n' tried instead on input line 179.
<figure/plyx-1.pdf, id=20, 433.62pt x 289.08pt>
File: figure/plyx-1.pdf Graphic file (type pdf)
<use figure/plyx-1.pdf>
Package pdftex.def Info: figure/plyx-1.pdf  used on input line 182.
(pdftex.def)             Requested size: 433.61894pt x 289.09251pt.
Package color Info: Redefining color shadecolor on input line 195.
[4 <./figure/plyx-1.pdf>]
<figure/plyx_pchar-1.pdf, id=29, 578.16pt x 433.62pt>
File: figure/plyx_pchar-1.pdf Graphic file (type pdf)
<use figure/plyx_pchar-1.pdf>
Package pdftex.def Info: figure/plyx_pchar-1.pdf  used on input line 201.
(pdftex.def)             Requested size: 483.69684pt x 362.76945pt.
Package color Info: Redefining color shadecolor on input line 220.
 [5 <./figure/plyx_pchar-1.pdf>]
<figure/plyx_smooth-1.pdf, id=38, 578.16pt x 289.08pt>
File: figure/plyx_smooth-1.pdf Graphic file (type pdf)
<use figure/plyx_smooth-1.pdf>
Package pdftex.def Info: figure/plyx_smooth-1.pdf  used on input line 229.
(pdftex.def)             Requested size: 483.69684pt x 241.8463pt.
Package color Info: Redefining color shadecolor on input line 246.
<figure/plyx_group-1.pdf, id=39, 578.16pt x 289.08pt>
File: figure/plyx_group-1.pdf Graphic file (type pdf)
<use figure/plyx_group-1.pdf>
Package pdftex.def Info: figure/plyx_group-1.pdf  used on input line 251.
(pdftex.def)             Requested size: 483.69684pt x 241.8463pt.
 [6 <./figure/plyx_smooth-1.pdf>]
Package color Info: Redefining color shadecolor on input line 273.
<figure/innerrange-1.pdf, id=48, 505.89pt x 252.945pt>
File: figure/innerrange-1.pdf Graphic file (type pdf)
<use figure/innerrange-1.pdf>
Package pdftex.def Info: figure/innerrange-1.pdf  used on input line 286.
(pdftex.def)             Requested size: 483.69684pt x 241.8518pt.
 [7 <./figure/plyx_group-1.pdf>]
Package color Info: Redefining color shadecolor on input line 317.
<figure/plyx-multipley-1.pdf, id=58, 578.16pt x 433.62pt>
File: figure/plyx-multipley-1.pdf Graphic file (type pdf)
<use figure/plyx-multipley-1.pdf>
Package pdftex.def Info: figure/plyx-multipley-1.pdf  used on input line 322.
(pdftex.def)             Requested size: 483.69684pt x 362.76945pt.
 [8 <./figure/innerrange-1.pdf>]
Package color Info: Redefining color shadecolor on input line 334.
<figure/plyx-time-1.pdf, id=67, 578.16pt x 433.62pt>
File: figure/plyx-time-1.pdf Graphic file (type pdf)
<use figure/plyx-time-1.pdf>
Package pdftex.def Info: figure/plyx-time-1.pdf  used on input line 342.
(pdftex.def)             Requested size: 483.69684pt x 362.76945pt.

[9 <./figure/plyx-multipley-1.pdf>]
Package color Info: Redefining color shadecolor on input line 347.
<figure/plyx-multiplex-1.pdf, id=76, 578.16pt x 289.08pt>
File: figure/plyx-multiplex-1.pdf Graphic file (type pdf)
<use figure/plyx-multiplex-1.pdf>
Package pdftex.def Info: figure/plyx-multiplex-1.pdf  used on input line 354.
(pdftex.def)             Requested size: 483.69684pt x 241.8463pt.
 [10 <./figure/plyx-time-1.pdf>]
Package color Info: Redefining color shadecolor on input line 380.
<figure/pluntransformed-1.pdf, id=85, 578.16pt x 433.62pt>
File: figure/pluntransformed-1.pdf Graphic file (type pdf)
<use figure/pluntransformed-1.pdf>
Package pdftex.def Info: figure/pluntransformed-1.pdf  used on input line 386.
(pdftex.def)             Requested size: 483.69684pt x 362.76945pt.
 [11 <./figure/plyx-multiplex-1.pdf>]
Package color Info: Redefining color shadecolor on input line 414.
 [12 <./figure/pluntransformed-1.pdf>]
<figure/plyx-plscale-1.pdf, id=103, 578.16pt x 289.08pt>
File: figure/plyx-plscale-1.pdf Graphic file (type pdf)
<use figure/plyx-plscale-1.pdf>
Package pdftex.def Info: figure/plyx-plscale-1.pdf  used on input line 435.
(pdftex.def)             Requested size: 483.69684pt x 241.8463pt.
Package color Info: Redefining color shadecolor on input line 444.
 [13 <./figure/plyx-plscale-1.pdf>]
<figure/markextremes-1.pdf, id=114, 578.16pt x 289.08pt>
File: figure/markextremes-1.pdf Graphic file (type pdf)
<use figure/markextremes-1.pdf>
Package pdftex.def Info: figure/markextremes-1.pdf  used on input line 455.
(pdftex.def)             Requested size: 483.69684pt x 241.8463pt.
Package color Info: Redefining color shadecolor on input line 482.
<figure/mboxes-1.pdf, id=115, 578.16pt x 433.62pt>
File: figure/mboxes-1.pdf Graphic file (type pdf)
<use figure/mboxes-1.pdf>
Package pdftex.def Info: figure/mboxes-1.pdf  used on input line 489.
(pdftex.def)             Requested size: 483.69684pt x 362.76945pt.
 [14 <./figure/markextremes-1.pdf>]
Package color Info: Redefining color shadecolor on input line 502.
<figure/mboxes2-1.pdf, id=124, 578.16pt x 433.62pt>
File: figure/mboxes2-1.pdf Graphic file (type pdf)
<use figure/mboxes2-1.pdf>
Package pdftex.def Info: figure/mboxes2-1.pdf  used on input line 508.
(pdftex.def)             Requested size: 483.69684pt x 362.76945pt.
 [15 <./figure/mboxes-1.pdf>]
Package color Info: Redefining color shadecolor on input line 523.

Overfull \hbox (24.08873pt too wide) in paragraph at lines 530--530
[][]\OT1/cmtt/m/it/10.95 ## data(lung, package="survival")  ## not needed tempo
rarily, produces erroneous warning[][] 
 []

[16 <./figure/mboxes2-1.pdf>]
<figure/censored-1.pdf, id=141, 578.16pt x 325.215pt>
File: figure/censored-1.pdf Graphic file (type pdf)
<use figure/censored-1.pdf>
Package pdftex.def Info: figure/censored-1.pdf  used on input line 536.
(pdftex.def)             Requested size: 483.69684pt x 272.07709pt.
Package color Info: Redefining color shadecolor on input line 546.
<figure/plmatrix-1.pdf, id=142, 722.7pt x 722.7pt>
File: figure/plmatrix-1.pdf Graphic file (type pdf)
<use figure/plmatrix-1.pdf>
Package pdftex.def Info: figure/plmatrix-1.pdf  used on input line 551.
(pdftex.def)             Requested size: 483.69684pt x 483.69922pt.
 [17 <./figure/censored-1.pdf>]
<figure/plmatrix-2.pdf, id=151, 722.7pt x 722.7pt>
File: figure/plmatrix-2.pdf Graphic file (type pdf)
<use figure/plmatrix-2.pdf>
Package pdftex.def Info: figure/plmatrix-2.pdf  used on input line 557.
(pdftex.def)             Requested size: 483.69684pt x 483.69922pt.
 [18 <./figure/plmatrix-1.pdf>] [19 <./figure/plmatrix-2.pdf>]
Package color Info: Redefining color shadecolor on input line 583.
<figure/plcond-1.pdf, id=170, 578.16pt x 650.43pt>
File: figure/plcond-1.pdf Graphic file (type pdf)
<use figure/plcond-1.pdf>
Package pdftex.def Info: figure/plcond-1.pdf  used on input line 588.
(pdftex.def)             Requested size: 483.69684pt x 544.15417pt.
 [20] [21 <./figure/plcond-1.pdf>]
Package color Info: Redefining color shadecolor on input line 628.
<figure/plotregr-1.pdf, id=182, 578.16pt x 542.025pt>
File: figure/plotregr-1.pdf Graphic file (type pdf)
<use figure/plotregr-1.pdf>
Package pdftex.def Info: figure/plotregr-1.pdf  used on input line 636.
(pdftex.def)             Requested size: 483.69684pt x 453.4618pt.

[22] [23 <./figure/plotregr-1.pdf>] [24]
Overfull \hbox (8.88408pt too wide) in paragraph at lines 751--752
\OT1/cmtt/m/n/10 iter=smooth.iter)\OT1/cmr/m/n/10 , where  \OT1/cmtt/m/n/10 smo
oth.par \OT1/cmr/m/n/10 and  \OT1/cmtt/m/n/10 smooth.iter \OT1/cmr/m/n/10 are g
iven in  \OT1/cmtt/m/n/10 ploptions \OT1/cmr/m/n/10 and the de-fault  \OT1/cmtt
/m/n/10 smooth.par
 []


Underfull \hbox (badness 10000) detected at line 780
[]
 []


Underfull \hbox (badness 10000) detected at line 785
[]
 []

[25] [26]
Package color Info: Redefining color shadecolor on input line 890.
<figure/plresx-1.pdf, id=214, 578.16pt x 542.025pt>
File: figure/plresx-1.pdf Graphic file (type pdf)
<use figure/plresx-1.pdf>
Package pdftex.def Info: figure/plresx-1.pdf  used on input line 895.
(pdftex.def)             Requested size: 483.69684pt x 453.4618pt.
 [27 <./figure/plresx-1.pdf>]
Package color Info: Redefining color shadecolor on input line 943.
<figure/plresx_trs-1.pdf, id=223, 578.16pt x 325.215pt>
File: figure/plresx_trs-1.pdf Graphic file (type pdf)
<use figure/plresx_trs-1.pdf>
Package pdftex.def Info: figure/plresx_trs-1.pdf  used on input line 948.
(pdftex.def)             Requested size: 483.69684pt x 272.07709pt.
 [28]
Overfull \hbox (54.88145pt too wide) in paragraph at lines 957--958
\OT1/cmr/m/n/10 formed in-put vari-ables are those ap-pear-ing in the terms of 
the for-mula, as de-liv-ered by  
 []

Package color Info: Redefining color shadecolor on input line 981.
<figure/plres2x-1.pdf, id=227, 578.16pt x 433.62pt>
File: figure/plres2x-1.pdf Graphic file (type pdf)
<use figure/plres2x-1.pdf>
Package pdftex.def Info: figure/plres2x-1.pdf  used on input line 989.
(pdftex.def)             Requested size: 483.69684pt x 362.76945pt.
[29 <./figure/plresx_trs-1.pdf>]
Package color Info: Redefining color shadecolor on input line 997.
<figure/plresxgroup-1.pdf, id=236, 578.16pt x 397.485pt>
File: figure/plresxgroup-1.pdf Graphic file (type pdf)
<use figure/plresxgroup-1.pdf>
Package pdftex.def Info: figure/plresxgroup-1.pdf  used on input line 1002.
(pdftex.def)             Requested size: 483.69684pt x 332.53867pt.
 [30 <./figure/plres2x-1.pdf>]
Package color Info: Redefining color shadecolor on input line 1027.
<figure/survresiduals-1.pdf, id=245, 578.16pt x 433.62pt>
File: figure/survresiduals-1.pdf Graphic file (type pdf)
<use figure/survresiduals-1.pdf>
Package pdftex.def Info: figure/survresiduals-1.pdf  used on input line 1035.
(pdftex.def)             Requested size: 483.69684pt x 362.76945pt.
 [31 <./figure/plresxgroup-1.pdf>] [32 <./figure/survresiduals-1.pdf>]
Package color Info: Redefining color shadecolor on input line 1079.
<figure/ordered-1.pdf, id=263, 578.16pt x 361.35pt>
File: figure/ordered-1.pdf Graphic file (type pdf)
<use figure/ordered-1.pdf>
Package pdftex.def Info: figure/ordered-1.pdf  used on input line 1093.
(pdftex.def)             Requested size: 483.69684pt x 302.30788pt.
 [33 <./figure/ordered-1.pdf>]
Package color Info: Redefining color shadecolor on input line 1104.
<figure/resfitbin-1.pdf, id=272, 578.16pt x 722.7pt>
File: figure/resfitbin-1.pdf Graphic file (type pdf)
<use figure/resfitbin-1.pdf>
Package pdftex.def Info: figure/resfitbin-1.pdf  used on input line 1114.
(pdftex.def)             Requested size: 483.69684pt x 604.61575pt.
 [34] [35 <./figure/resfitbin-1.pdf>]
Overfull \hbox (54.03178pt too wide) in paragraph at lines 1170--1182
[]\OT1/cmr/m/n/10.95 The dis-tance pairs and the re-spec-tive dif-fer-ences of 
resid-u-als are cal-cu-lated by the func-tion  
 []

[36]
Package color Info: Redefining color shadecolor on input line 1201.
<figure/xdist-1.pdf, id=288, 505.89pt x 361.35pt>
File: figure/xdist-1.pdf Graphic file (type pdf)
<use figure/xdist-1.pdf>
Package pdftex.def Info: figure/xdist-1.pdf  used on input line 1210.
(pdftex.def)             Requested size: 483.69684pt x 345.5026pt.
 [37 <./figure/xdist-1.pdf>]
Package color Info: Redefining color shadecolor on input line 1240.
<figure/ploptions-1.pdf, id=298, 578.16pt x 361.35pt>
File: figure/ploptions-1.pdf Graphic file (type pdf)
<use figure/ploptions-1.pdf>
Package pdftex.def Info: figure/ploptions-1.pdf  used on input line 1246.
(pdftex.def)             Requested size: 483.69684pt x 302.30788pt.
 [38] [39 <./figure/ploptions-1.pdf>] [40]
[41]
Package color Info: Redefining color shadecolor on input line 1428.
LaTeX Font Info:    Trying to load font information for TS1+cmtt on input line 
1448.
 (/usr/share/texlive/texmf-dist/tex/latex/base/ts1cmtt.fd
File: ts1cmtt.fd 2019/12/16 v2.5j Standard LaTeX font definitions
)
Overfull \hbox (4.02797pt too wide) in paragraph at lines 1478--1488
[] \OT1/cmtt/m/n/10.95 pcol\OT1/cmr/m/n/10.95 : color of the sym-bol. This can 
be a fac-tor. Then, the col-ors in  \OT1/cmtt/m/n/10.95 ploptions("group.color"
)
 []

[42]
Package color Info: Redefining color shadecolor on input line 1499.
<figure/plyx_pattr-1.pdf, id=320, 578.16pt x 433.62pt>
File: figure/plyx_pattr-1.pdf Graphic file (type pdf)
<use figure/plyx_pattr-1.pdf>
Package pdftex.def Info: figure/plyx_pattr-1.pdf  used on input line 1505.
(pdftex.def)             Requested size: 483.69684pt x 362.76945pt.
 [43 <./figure/plyx_pattr-1.pdf>]
Overfull \hbox (4.71814pt too wide) in paragraph at lines 1541--1544
\OT1/cmr/m/n/10.95 Thus, plot-ting co-or-di-nates are de-fined as those first f
ound search-ing for at-tributes  \OT1/cmtt/m/n/10.95 plcoord, plvalues,
 []

Package color Info: Redefining color shadecolor on input line 1577.
[44]
<figure/varattributes-1.pdf, id=333, 578.16pt x 433.62pt>
File: figure/varattributes-1.pdf Graphic file (type pdf)
<use figure/varattributes-1.pdf>
Package pdftex.def Info: figure/varattributes-1.pdf  used on input line 1586.
(pdftex.def)             Requested size: 483.69684pt x 362.76945pt.
Package color Info: Redefining color shadecolor on input line 1612.
 [45 <./figure/varattributes-1.pdf>]
<figure/plscale-1.pdf, id=343, 578.16pt x 433.62pt>
File: figure/plscale-1.pdf Graphic file (type pdf)
<use figure/plscale-1.pdf>
Package pdftex.def Info: figure/plscale-1.pdf  used on input line 1618.
(pdftex.def)             Requested size: 483.69684pt x 362.76945pt.
 [46 <./figure/plscale-1.pdf>]
Package color Info: Redefining color shadecolor on input line 1670.

Overfull \hbox (24.08873pt too wide) in paragraph at lines 1682--1682
[][]\OT1/cmtt/m/n/10.95 mtext[][]([][]"wrong place for text"[][],[][]3[][],[][]
1[][],[] []col[][]=[][]"red"[][])[]  []\OT1/cmtt/m/it/10.95 ## margins not appr
opriate for active plot[][] 
 []

[47]
<figure/marginpars-1.pdf, id=355, 505.89pt x 289.08pt>
File: figure/marginpars-1.pdf Graphic file (type pdf)
<use figure/marginpars-1.pdf>
Package pdftex.def Info: figure/marginpars-1.pdf  used on input line 1720.
(pdftex.def)             Requested size: 483.69684pt x 276.40207pt.
Package color Info: Redefining color shadecolor on input line 1729.
 [48 <./figure/marginpars-1.pdf>]
<figure/parproblem-1.pdf, id=364, 505.89pt x 289.08pt>
File: figure/parproblem-1.pdf Graphic file (type pdf)
<use figure/parproblem-1.pdf>
Package pdftex.def Info: figure/parproblem-1.pdf  used on input line 1737.
(pdftex.def)             Requested size: 483.69684pt x 276.40207pt.
 [49 <./figure/parproblem-1.pdf>]
Overfull \hbox (8.48985pt too wide) in paragraph at lines 1761--1769
[] \OT1/cmtt/m/n/10.95 plpoints \OT1/cmr/m/n/10.95 also in-cludes the ca-pa-bil
-i-ties of  \OT1/cmtt/m/n/10.95 text\OT1/cmr/m/n/10.95 : If the ar-gu-ment  \OT
1/cmtt/m/n/10.95 plab \OT1/cmr/m/n/10.95 is set (or  \OT1/cmtt/m/n/10.95 plargs
\TS1/cmtt/m/n/10.95 $\OT1/cmtt/m/n/10.95 pladata
 []


Overfull \hbox (139.81343pt too wide) in paragraph at lines 1770--1776
\OT1/cmtt/m/n/10.95 "Surv"\OT1/cmr/m/n/10.95 ), the cen-sored ob-ser-va-tions a
re shown by the ap-pro-pri-ate sym-bol from  
 []


Overfull \hbox (15.54422pt too wide) in paragraph at lines 1770--1776
\OT1/cmtt/m/n/10.95 ploptions("censored.pch") \OT1/cmr/m/n/10.95 and with paled
 color (ac-cord-ing to  \OT1/cmtt/m/n/10.95 ploptions("censored.pale")\OT1/cmr/
m/n/10.95 ). 
 []

[50] [51]
Package color Info: Redefining color shadecolor on input line 1957.

Overfull \hbox (109.44745pt too wide) in paragraph at lines 1995--2008
\OT1/cmtt/m/n/10.95 pl \OT1/cmr/m/n/10.95 func-tion, scon-dar-ily by the  \OT1/
cmtt/m/n/10.95 vcol \OT1/cmr/m/n/10.95 at-tribute of the vari-ables. Thirdly,  

 []

[52] [53]
LaTeX Font Info:    Font shape `OT1/cmtt/bx/n' in size <12> not available
(Font)              Font shape `OT1/cmtt/m/n' tried instead on input line 2118.

 [54]
Overfull \hbox (52.81514pt too wide) in paragraph at lines 2160--2168
\OT1/cmr/m/n/10.95 This stamp can of course be sup-pressed, e.g., for pro-duc-i
ng pub-li-ca-tion graph-ics: set  
 []

Package color Info: Redefining color shadecolor on input line 2175.
[55] [56] (./pl-description.aux) ) 
Here is how much of TeX's memory you used:
 3012 strings out of 478862
 46681 string characters out of 5858946
 350929 words of memory out of 6000000
 20574 multiletter control sequences out of 15000+600000
 415052 words of font info for 69 fonts, out of 8000000 for 9000
 1137 hyphenation exceptions out of 8191
 55i,7n,62p,344b,280s stack positions out of 5000i,500n,10000p,200000b,80000s
{/usr/share/texlive/texmf-dist/fonts/enc/dvip
s/cm-super/cm-super-ts1.enc}</usr/share/texlive/texmf-dist/fonts/type1/public/a
msfonts/cm/cmbx10.pfb></usr/share/texlive/texmf-dist/fonts/type1/public/amsfont
s/cm/cmbx12.pfb></usr/share/texlive/texmf-dist/fonts/type1/public/amsfonts/cm/c
mex10.pfb></usr/share/texlive/texmf-dist/fonts/type1/public/amsfonts/cm/cmitt10
.pfb></usr/share/texlive/texmf-dist/fonts/type1/public/amsfonts/cm/cmmi10.pfb><
/usr/share/texlive/texmf-dist/fonts/type1/public/amsfonts/cm/cmmi12.pfb></usr/s
hare/texlive/texmf-dist/fonts/type1/public/amsfonts/cm/cmmi7.pfb></usr/share/te
xlive/texmf-dist/fonts/type1/public/amsfonts/cm/cmmi8.pfb></usr/share/texlive/t
exmf-dist/fonts/type1/public/amsfonts/cm/cmmib10.pfb></usr/share/texlive/texmf-
dist/fonts/type1/public/amsfonts/cm/cmr10.pfb></usr/share/texlive/texmf-dist/fo
nts/type1/public/amsfonts/cm/cmr12.pfb></usr/share/texlive/texmf-dist/fonts/typ
e1/public/amsfonts/cm/cmr17.pfb></usr/share/texlive/texmf-dist/fonts/type1/publ
ic/amsfonts/cm/cmr7.pfb></usr/share/texlive/texmf-dist/fonts/type1/public/amsfo
nts/cm/cmr8.pfb></usr/share/texlive/texmf-dist/fonts/type1/public/amsfonts/cm/c
msy10.pfb></usr/share/texlive/texmf-dist/fonts/type1/public/amsfonts/cm/cmsy7.p
fb></usr/share/texlive/texmf-dist/fonts/type1/public/amsfonts/cm/cmsy8.pfb></us
r/share/texlive/texmf-dist/fonts/type1/public/amsfonts/cm/cmti10.pfb></usr/shar
e/texlive/texmf-dist/fonts/type1/public/amsfonts/cm/cmtt10.pfb></usr/share/texl
ive/texmf-dist/fonts/type1/public/amsfonts/cm/cmtt12.pfb></usr/share/texlive/te
xmf-dist/fonts/type1/public/cm-super/sfrm1000.pfb></usr/share/texlive/texmf-dis
t/fonts/type1/public/cm-super/sfrm1095.pfb></usr/share/texlive/texmf-dist/fonts
/type1/public/cm-super/sftt1095.pfb>
Output written on pl-description.pdf (56 pages, 1164720 bytes).
PDF statistics:
 473 PDF objects out of 1000 (max. 8388607)
 324 compressed objects within 4 object streams
 0 named destinations out of 1000 (max. 500000)
 161 words of extra memory for PDF output out of 10000 (max. 10000000)

